<?xml version="1.0" encoding="UTF-8"?>
<testsuite xmlns:xsi="http://www.w3.org/2001/XMLSchema-instance" xsi:noNamespaceSchemaLocation="https://maven.apache.org/surefire/maven-surefire-plugin/xsd/surefire-test-report.xsd" name="mx.uv.AppTest" time="0.08" tests="1" errors="0" skipped="0" failures="0">
  <properties>
    <property name="sun.desktop" value="windows"/>
    <property name="awt.toolkit" value="sun.awt.windows.WToolkit"/>
    <property name="file.encoding.pkg" value="sun.io"/>
    <property name="java.specification.version" value="1.8"/>
    <property name="sun.cpu.isalist" value="amd64"/>
    <property name="sun.jnu.encoding" value="Cp1252"/>
    <property name="java.class.path" value="C:\Users\drdav\Documents\Escuela\TECO\4to Semestre\Desarrollo web\Proyecto\backend\target\test-classes;C:\Users\drdav\Documents\Escuela\TECO\4to Semestre\Desarrollo web\Proyecto\backend\target\classes;C:\Users\drdav\.m2\repository\junit\junit\4.11\junit-4.11.jar;C:\Users\drdav\.m2\repository\org\hamcrest\hamcrest-core\1.3\hamcrest-core-1.3.jar;C:\Users\drdav\.m2\repository\com\sparkjava\spark-core\2.9.2\spark-core-2.9.2.jar;C:\Users\drdav\.m2\repository\org\slf4j\slf4j-api\1.7.25\slf4j-api-1.7.25.jar;C:\Users\drdav\.m2\repository\org\eclipse\jetty\jetty-server\9.4.30.v20200611\jetty-server-9.4.30.v20200611.jar;C:\Users\drdav\.m2\repository\javax\servlet\javax.servlet-api\3.1.0\javax.servlet-api-3.1.0.jar;C:\Users\drdav\.m2\repository\org\eclipse\jetty\jetty-http\9.4.30.v20200611\jetty-http-9.4.30.v20200611.jar;C:\Users\drdav\.m2\repository\org\eclipse\jetty\jetty-util\9.4.30.v20200611\jetty-util-9.4.30.v20200611.jar;C:\Users\drdav\.m2\repository\org\eclipse\jetty\jetty-io\9.4.30.v20200611\jetty-io-9.4.30.v20200611.jar;C:\Users\drdav\.m2\repository\org\eclipse\jetty\jetty-webapp\9.4.30.v20200611\jetty-webapp-9.4.30.v20200611.jar;C:\Users\drdav\.m2\repository\org\eclipse\jetty\jetty-xml\9.4.30.v20200611\jetty-xml-9.4.30.v20200611.jar;C:\Users\drdav\.m2\repository\org\eclipse\jetty\jetty-servlet\9.4.30.v20200611\jetty-servlet-9.4.30.v20200611.jar;C:\Users\drdav\.m2\repository\org\eclipse\jetty\jetty-security\9.4.30.v20200611\jetty-security-9.4.30.v20200611.jar;C:\Users\drdav\.m2\repository\org\eclipse\jetty\websocket\websocket-server\9.4.30.v20200611\websocket-server-9.4.30.v20200611.jar;C:\Users\drdav\.m2\repository\org\eclipse\jetty\websocket\websocket-common\9.4.30.v20200611\websocket-common-9.4.30.v20200611.jar;C:\Users\drdav\.m2\repository\org\eclipse\jetty\websocket\websocket-client\9.4.30.v20200611\websocket-client-9.4.30.v20200611.jar;C:\Users\drdav\.m2\repository\org\eclipse\jetty\jetty-client\9.4.30.v20200611\jetty-client-9.4.30.v20200611.jar;C:\Users\drdav\.m2\repository\org\eclipse\jetty\websocket\websocket-servlet\9.4.30.v20200611\websocket-servlet-9.4.30.v20200611.jar;C:\Users\drdav\.m2\repository\org\eclipse\jetty\websocket\websocket-api\9.4.30.v20200611\websocket-api-9.4.30.v20200611.jar;C:\Users\drdav\.m2\repository\org\slf4j\slf4j-simple\1.7.21\slf4j-simple-1.7.21.jar;C:\Users\drdav\.m2\repository\com\google\code\gson\gson\2.8.9\gson-2.8.9.jar;C:\Users\drdav\.m2\repository\com\mysql\mysql-connector-j\8.0.33\mysql-connector-j-8.0.33.jar;C:\Users\drdav\.m2\repository\com\google\protobuf\protobuf-java\3.21.9\protobuf-java-3.21.9.jar;"/>
    <property name="java.vm.vendor" value="Oracle Corporation"/>
    <property name="sun.arch.data.model" value="64"/>
    <property name="user.variant" value=""/>
    <property name="java.vendor.url" value="http://java.oracle.com/"/>
    <property name="user.timezone" value="America/Mexico_City"/>
    <property name="java.vm.specification.version" value="1.8"/>
    <property name="os.name" value="Windows 10"/>
    <property name="user.country" value="MX"/>
    <property name="sun.java.launcher" value="SUN_STANDARD"/>
    <property name="sun.boot.library.path" value="C:\Program Files\Java\jdk1.8.0_162\jre\bin"/>
    <property name="sun.java.command" value="C:\Users\drdav\AppData\Local\Temp\surefire6632329316904105750\surefirebooter2394260531234813357.jar C:\Users\drdav\AppData\Local\Temp\surefire6632329316904105750 2023-12-24T20-28-57_983-jvmRun1 surefire1633655138313128035tmp surefire_06063801785294305141tmp"/>
    <property name="surefire.test.class.path" value="C:\Users\drdav\Documents\Escuela\TECO\4to Semestre\Desarrollo web\Proyecto\backend\target\test-classes;C:\Users\drdav\Documents\Escuela\TECO\4to Semestre\Desarrollo web\Proyecto\backend\target\classes;C:\Users\drdav\.m2\repository\junit\junit\4.11\junit-4.11.jar;C:\Users\drdav\.m2\repository\org\hamcrest\hamcrest-core\1.3\hamcrest-core-1.3.jar;C:\Users\drdav\.m2\repository\com\sparkjava\spark-core\2.9.2\spark-core-2.9.2.jar;C:\Users\drdav\.m2\repository\org\slf4j\slf4j-api\1.7.25\slf4j-api-1.7.25.jar;C:\Users\drdav\.m2\repository\org\eclipse\jetty\jetty-server\9.4.30.v20200611\jetty-server-9.4.30.v20200611.jar;C:\Users\drdav\.m2\repository\javax\servlet\javax.servlet-api\3.1.0\javax.servlet-api-3.1.0.jar;C:\Users\drdav\.m2\repository\org\eclipse\jetty\jetty-http\9.4.30.v20200611\jetty-http-9.4.30.v20200611.jar;C:\Users\drdav\.m2\repository\org\eclipse\jetty\jetty-util\9.4.30.v20200611\jetty-util-9.4.30.v20200611.jar;C:\Users\drdav\.m2\repository\org\eclipse\jetty\jetty-io\9.4.30.v20200611\jetty-io-9.4.30.v20200611.jar;C:\Users\drdav\.m2\repository\org\eclipse\jetty\jetty-webapp\9.4.30.v20200611\jetty-webapp-9.4.30.v20200611.jar;C:\Users\drdav\.m2\repository\org\eclipse\jetty\jetty-xml\9.4.30.v20200611\jetty-xml-9.4.30.v20200611.jar;C:\Users\drdav\.m2\repository\org\eclipse\jetty\jetty-servlet\9.4.30.v20200611\jetty-servlet-9.4.30.v20200611.jar;C:\Users\drdav\.m2\repository\org\eclipse\jetty\jetty-security\9.4.30.v20200611\jetty-security-9.4.30.v20200611.jar;C:\Users\drdav\.m2\repository\org\eclipse\jetty\websocket\websocket-server\9.4.30.v20200611\websocket-server-9.4.30.v20200611.jar;C:\Users\drdav\.m2\repository\org\eclipse\jetty\websocket\websocket-common\9.4.30.v20200611\websocket-common-9.4.30.v20200611.jar;C:\Users\drdav\.m2\repository\org\eclipse\jetty\websocket\websocket-client\9.4.30.v20200611\websocket-client-9.4.30.v20200611.jar;C:\Users\drdav\.m2\repository\org\eclipse\jetty\jetty-client\9.4.30.v20200611\jetty-client-9.4.30.v20200611.jar;C:\Users\drdav\.m2\repository\org\eclipse\jetty\websocket\websocket-servlet\9.4.30.v20200611\websocket-servlet-9.4.30.v20200611.jar;C:\Users\drdav\.m2\repository\org\eclipse\jetty\websocket\websocket-api\9.4.30.v20200611\websocket-api-9.4.30.v20200611.jar;C:\Users\drdav\.m2\repository\org\slf4j\slf4j-simple\1.7.21\slf4j-simple-1.7.21.jar;C:\Users\drdav\.m2\repository\com\google\code\gson\gson\2.8.9\gson-2.8.9.jar;C:\Users\drdav\.m2\repository\com\mysql\mysql-connector-j\8.0.33\mysql-connector-j-8.0.33.jar;C:\Users\drdav\.m2\repository\com\google\protobuf\protobuf-java\3.21.9\protobuf-java-3.21.9.jar;"/>
    <property name="sun.cpu.endian" value="little"/>
    <property name="user.home" value="C:\Users\drdav"/>
    <property name="user.language" value="es"/>
    <property name="java.specification.vendor" value="Oracle Corporation"/>
    <property name="java.home" value="C:\Program Files\Java\jdk1.8.0_162\jre"/>
    <property name="basedir" value="C:\Users\drdav\Documents\Escuela\TECO\4to Semestre\Desarrollo web\Proyecto\backend"/>
    <property name="file.separator" value="\"/>
    <property name="line.separator" value="&#10;"/>
    <property name="java.vm.specification.vendor" value="Oracle Corporation"/>
    <property name="java.specification.name" value="Java Platform API Specification"/>
    <property name="java.awt.graphicsenv" value="sun.awt.Win32GraphicsEnvironment"/>
    <property name="surefire.real.class.path" value="C:\Users\drdav\AppData\Local\Temp\surefire6632329316904105750\surefirebooter2394260531234813357.jar"/>
    <property name="sun.boot.class.path" value="C:\Program Files\Java\jdk1.8.0_162\jre\lib\resources.jar;C:\Program Files\Java\jdk1.8.0_162\jre\lib\rt.jar;C:\Program Files\Java\jdk1.8.0_162\jre\lib\sunrsasign.jar;C:\Program Files\Java\jdk1.8.0_162\jre\lib\jsse.jar;C:\Program Files\Java\jdk1.8.0_162\jre\lib\jce.jar;C:\Program Files\Java\jdk1.8.0_162\jre\lib\charsets.jar;C:\Program Files\Java\jdk1.8.0_162\jre\lib\jfr.jar;C:\Program Files\Java\jdk1.8.0_162\jre\classes"/>
    <property name="user.script" value=""/>
    <property name="sun.management.compiler" value="HotSpot 64-Bit Tiered Compilers"/>
    <property name="java.runtime.version" value="1.8.0_162-b12"/>
    <property name="user.name" value="drdav"/>
    <property name="path.separator" value=";"/>
    <property name="os.version" value="10.0"/>
    <property name="java.endorsed.dirs" value="C:\Program Files\Java\jdk1.8.0_162\jre\lib\endorsed"/>
    <property name="java.runtime.name" value="Java(TM) SE Runtime Environment"/>
    <property name="file.encoding" value="Cp1252"/>
    <property name="java.vm.name" value="Java HotSpot(TM) 64-Bit Server VM"/>
    <property name="localRepository" value="C:\Users\drdav\.m2\repository"/>
    <property name="java.vendor.url.bug" value="http://bugreport.sun.com/bugreport/"/>
    <property name="java.io.tmpdir" value="C:\Users\drdav\AppData\Local\Temp\"/>
    <property name="java.version" value="1.8.0_162"/>
    <property name="user.dir" value="C:\Users\drdav\Documents\Escuela\TECO\4to Semestre\Desarrollo web\Proyecto\backend"/>
    <property name="os.arch" value="amd64"/>
    <property name="java.vm.specification.name" value="Java Virtual Machine Specification"/>
    <property name="java.awt.printerjob" value="sun.awt.windows.WPrinterJob"/>
    <property name="sun.os.patch.level" value=""/>
    <property name="java.library.path" value="C:\Program Files\Java\jdk1.8.0_162\jre\bin;C:\windows\Sun\Java\bin;C:\windows\system32;C:\windows;C:\ProgramData\Oracle\Java\javapath;C:\Program Files (x86)\Intel\iCLS Client\;C:\Program Files\Intel\iCLS Client\;C:\Windows\system32;C:\Windows;C:\Windows\System32\Wbem;C:\Windows\System32\WindowsPowerShell\v1.0\;C:\Program Files (x86)\Intel\Intel(R) Management Engine Components\DAL;C:\Program Files\Intel\Intel(R) Management Engine Components\DAL;C:\Program Files (x86)\Intel\Intel(R) Management Engine Components\IPT;C:\Program Files\Intel\Intel(R) Management Engine Components\IPT;C:\Program Files\Java\jdk1.8.0_162\bin;C:\Program Files (x86)\GtkSharp\2.12\bin;C:\WINDOWS\system32;C:\WINDOWS;C:\WINDOWS\System32\Wbem;C:\WINDOWS\System32\WindowsPowerShell\v1.0\;C:\WINDOWS\System32\OpenSSH\;C:\Program Files\MySQL\MySQL Server 5.5\bin;C:\Program Files (x86)\NVIDIA Corporation\PhysX\Common;C:\windows\system32;C:\windows;C:\windows\System32\Wbem;C:\windows\System32\WindowsPowerShell\v1.0\;C:\windows\System32\OpenSSH\;C:\Program Files\NVIDIA Corporation\NVIDIA NvDLISR;C:\Program Files\Microsoft SQL Server\130\Tools\Binn\;C:\Program Files\Microsoft SQL Server\Client SDK\ODBC\170\Tools\Binn\;C:\Program Files\dotnet\;C:\Program Files\Git\cmd;C:\Program Files\nodejs\;C:\Users\drdav\AppData\Local\Programs\Python\Python310\Scripts\;C:\Users\drdav\AppData\Local\Programs\Python\Python310\;C:\Users\drdav\AppData\Local\Microsoft\WindowsApps;C:\Program Files\Java\jdk1.8.0_162\\bin;C:\Users\drdav\.dotnet\tools;C:\Users\drdav\AppData\Local\Programs\Microsoft VS Code\bin;C:\Users\drdav\AppData\Roaming\npm;C:\Program Files\apache-maven-3.9.5\bin;;."/>
    <property name="java.vm.info" value="mixed mode"/>
    <property name="java.vendor" value="Oracle Corporation"/>
    <property name="java.vm.version" value="25.162-b12"/>
    <property name="java.ext.dirs" value="C:\Program Files\Java\jdk1.8.0_162\jre\lib\ext;C:\windows\Sun\Java\lib\ext"/>
    <property name="sun.io.unicode.encoding" value="UnicodeLittle"/>
    <property name="java.class.version" value="52.0"/>
  </properties>
  <testcase name="shouldAnswerWithTrue" classname="mx.uv.AppTest" time="0.006"/>
</testsuite>